PLINK v1.90b7 64-bit (16 Jan 2023)
Options in effect:
  --bfile gt_only.present.qc
  --indep-pairwise 50 5 0.2
  --out gt_only.present.qc.prune

Hostname: jupyter-becheng-40ucsd-2eedu
Working directory: /home/jovyan/CSE284/final_proj/data_2
Start time: Mon Mar  2 02:20:24 2026

Random number seed: 1772418024
515807 MB RAM detected; reserving 257903 MB for main workspace.
107416 variants loaded from .bim file.
64 people (0 males, 0 females, 64 ambiguous) loaded from .fam.
Ambiguous sex IDs written to gt_only.present.qc.prune.nosex .
Using 1 thread (no multithreaded calculations invoked).
Before main variant filters, 64 founders and 0 nonfounders present.
Calculating allele frequencies... done.
Total genotyping rate is 0.999964.
107416 variants and 64 people pass filters and QC.
Note: No phenotypes present.
Pruned 98809 variants from chromosome 22, leaving 8607.
Pruning complete.  98809 of 107416 variants removed.
Marker lists written to gt_only.present.qc.prune.prune.in and
gt_only.present.qc.prune.prune.out .

End time: Mon Mar  2 02:20:24 2026
