PLINK v1.90b7 64-bit (16 Jan 2023)
Options in effect:
  --bfile gt_only.present.qc.pruned
  --genome full
  --out plink_genome.present.qcpruned

Hostname: jupyter-becheng-40ucsd-2eedu
Working directory: /home/jovyan/CSE284/final_proj/data_2
Start time: Mon Mar  2 02:22:26 2026

Random number seed: 1772418146
515807 MB RAM detected; reserving 257903 MB for main workspace.
107362 variants loaded from .bim file.
64 people (0 males, 0 females, 64 ambiguous) loaded from .fam.
Ambiguous sex IDs written to plink_genome.present.qcpruned.nosex .
Using up to 31 threads (change this with --threads).
Before main variant filters, 64 founders and 0 nonfounders present.
Calculating allele frequencies... done.
Total genotyping rate is 0.999964.
107362 variants and 64 people pass filters and QC.
Note: No phenotypes present.
IBD calculations complete.
Finished writing plink_genome.present.qcpruned.genome .

End time: Mon Mar  2 02:22:26 2026
