PLINK v1.90b7 64-bit (16 Jan 2023)
Options in effect:
  --allow-extra-chr
  --double-id
  --make-bed
  --out gt_only.present
  --vcf gt_only.present.vcf.gz

Hostname: jupyter-becheng-40ucsd-2eedu
Working directory: /home/jovyan/CSE284/final_proj/data_2
Start time: Mon Mar  2 02:11:17 2026

Random number seed: 1772417477
515807 MB RAM detected; reserving 257903 MB for main workspace.
--vcf: gt_only.present-temporary.bed + gt_only.present-temporary.bim +
gt_only.present-temporary.fam written.
1103547 variants loaded from .bim file.
64 people (0 males, 0 females, 64 ambiguous) loaded from .fam.
Ambiguous sex IDs written to gt_only.present.nosex .
Using 1 thread (no multithreaded calculations invoked).
Before main variant filters, 64 founders and 0 nonfounders present.
Calculating allele frequencies... done.
Total genotyping rate is 0.999858.
1103547 variants and 64 people pass filters and QC.
Note: No phenotypes present.
--make-bed to gt_only.present.bed + gt_only.present.bim + gt_only.present.fam
... done.

End time: Mon Mar  2 02:11:19 2026
