PLINK v1.90b7 64-bit (16 Jan 2023)
Options in effect:
  --bfile gt_only.present.qc.pruned
  --biallelic-only strict
  --geno 0
  --maf 0.05
  --make-bed
  --mind 0
  --out gt_only.present.qc.pruned.germclean
  --snps-only just-acgt

Hostname: jupyter-becheng-40ucsd-2eedu
Working directory: /home/jovyan/CSE284/final_proj/data_2
Start time: Mon Mar  2 03:42:16 2026

Random number seed: 1772422936
515807 MB RAM detected; reserving 257903 MB for main workspace.
94119 out of 107362 variants loaded from .bim file.
64 people (0 males, 0 females, 64 ambiguous) loaded from .fam.
Ambiguous sex IDs written to gt_only.present.qc.pruned.germclean.nosex .
42 people removed due to missing genotype data (--mind).
IDs written to gt_only.present.qc.pruned.germclean.irem .
Using 1 thread (no multithreaded calculations invoked).
Before main variant filters, 22 founders and 0 nonfounders present.
Calculating allele frequencies... done.
Total genotyping rate in remaining samples is exactly 1.
0 variants removed due to missing genotype data (--geno).
14478 variants removed due to minor allele threshold(s)
(--maf/--max-maf/--mac/--max-mac).
79641 variants and 22 people pass filters and QC.
Note: No phenotypes present.
--make-bed to gt_only.present.qc.pruned.germclean.bed +
gt_only.present.qc.pruned.germclean.bim +
gt_only.present.qc.pruned.germclean.fam ... done.

End time: Mon Mar  2 03:42:16 2026
