PLINK v1.90b7 64-bit (16 Jan 2023)
Options in effect:
  --bfile gt_only.present.qc.pruned
  --biallelic-only strict
  --geno 0
  --make-bed
  --out gt_only.present.qc.pruned.nomissSNP
  --snps-only just-acgt

Hostname: jupyter-becheng-40ucsd-2eedu
Working directory: /home/jovyan/CSE284/final_proj/data_2
Start time: Mon Mar  2 03:45:14 2026

Random number seed: 1772423114
515807 MB RAM detected; reserving 257903 MB for main workspace.
94119 out of 107362 variants loaded from .bim file.
64 people (0 males, 0 females, 64 ambiguous) loaded from .fam.
Ambiguous sex IDs written to gt_only.present.qc.pruned.nomissSNP.nosex .
Using 1 thread (no multithreaded calculations invoked).
Before main variant filters, 64 founders and 0 nonfounders present.
Calculating allele frequencies... done.
Total genotyping rate is 0.999979.
126 variants removed due to missing genotype data (--geno).
93993 variants and 64 people pass filters and QC.
Note: No phenotypes present.
--make-bed to gt_only.present.qc.pruned.nomissSNP.bed +
gt_only.present.qc.pruned.nomissSNP.bim +
gt_only.present.qc.pruned.nomissSNP.fam ... done.

End time: Mon Mar  2 03:45:14 2026
