PLINK v1.90b7 64-bit (16 Jan 2023)
Options in effect:
  --bfile gt_only.present
  --geno 0.02
  --maf 0.05
  --make-bed
  --mind 0.02
  --out gt_only.present.qc

Hostname: jupyter-becheng-40ucsd-2eedu
Working directory: /home/jovyan/CSE284/final_proj/data_2
Start time: Mon Mar  2 02:19:49 2026

Random number seed: 1772417989
515807 MB RAM detected; reserving 257903 MB for main workspace.
1103547 variants loaded from .bim file.
64 people (0 males, 0 females, 64 ambiguous) loaded from .fam.
Ambiguous sex IDs written to gt_only.present.qc.nosex .
0 people removed due to missing genotype data (--mind).
Using 1 thread (no multithreaded calculations invoked).
Before main variant filters, 64 founders and 0 nonfounders present.
Calculating allele frequencies... done.
Total genotyping rate is 0.999858.
1095 variants removed due to missing genotype data (--geno).
995036 variants removed due to minor allele threshold(s)
(--maf/--max-maf/--mac/--max-mac).
107416 variants and 64 people pass filters and QC.
Note: No phenotypes present.
--make-bed to gt_only.present.qc.bed + gt_only.present.qc.bim +
gt_only.present.qc.fam ... done.

End time: Mon Mar  2 02:19:50 2026
