PLINK v1.90b7 64-bit (16 Jan 2023)
Options in effect:
  --bfile gt_only.present.qc.pruned.nomissSNP
  --missing
  --out nomissSNP_check

Hostname: jupyter-becheng-40ucsd-2eedu
Working directory: /home/jovyan/CSE284/final_proj/data_2
Start time: Mon Mar  2 03:45:18 2026

Random number seed: 1772423118
515807 MB RAM detected; reserving 257903 MB for main workspace.
93993 variants loaded from .bim file.
64 people (0 males, 0 females, 64 ambiguous) loaded from .fam.
Ambiguous sex IDs written to nomissSNP_check.nosex .
Using 1 thread (no multithreaded calculations invoked).
Before main variant filters, 64 founders and 0 nonfounders present.
Calculating allele frequencies... done.
Total genotyping rate is exactly 1.
--missing: Sample missing data report written to nomissSNP_check.imiss, and
variant-based missing data report written to nomissSNP_check.lmiss.

End time: Mon Mar  2 03:45:18 2026
