PLINK v1.90b7 64-bit (16 Jan 2023)
Options in effect:
  --bfile gt_only.present
  --genome full
  --out plink_genome.present

Hostname: jupyter-becheng-40ucsd-2eedu
Working directory: /home/jovyan/CSE284/final_proj/data_2
Start time: Mon Mar  2 02:11:47 2026

Random number seed: 1772417507
515807 MB RAM detected; reserving 257903 MB for main workspace.
1103547 variants loaded from .bim file.
64 people (0 males, 0 females, 64 ambiguous) loaded from .fam.
Ambiguous sex IDs written to plink_genome.present.nosex .
Using up to 31 threads (change this with --threads).
Before main variant filters, 64 founders and 0 nonfounders present.
Calculating allele frequencies... done.
Total genotyping rate is 0.999858.
1103547 variants and 64 people pass filters and QC.
Note: No phenotypes present.
IBD calculations complete.
Finished writing plink_genome.present.genome .

End time: Mon Mar  2 02:11:48 2026
